"../../../ArrayUp/Content/2DSideScroller/Textures/2DCharacter_IdleAnimAtlas.uasset" 0
"../../../ArrayUp/Content/2DSideScroller/Sprites/IdleFrames/IdleCycle1.uasset" 1
"../../../ArrayUp/Content/2DSideScroller/Sprites/IdleFrames/IdleCycle2.uasset" 2
"../../../ArrayUp/Content/2DSideScroller/Sprites/IdleFrames/IdleCycle3.uasset" 3
"../../../ArrayUp/Content/2DSideScroller/Sprites/IdleFrames/IdleCycle4.uasset" 4
"../../../ArrayUp/Content/2DSideScroller/Sprites/IdleFrames/IdleCycle5.uasset" 5
"../../../ArrayUp/Content/2DSideScroller/Sprites/IdleFrames/IdleCycle6.uasset" 6
"../../../ArrayUp/Content/2DSideScroller/Sprites/IdleFrames/IdleCycle7.uasset" 7
"../../../ArrayUp/Content/2DSideScroller/Sprites/IdleFrames/IdleCycle8.uasset" 8
"../../../ArrayUp/Content/2DSideScroller/Sprites/IdleAnimation.uasset" 9
"../../../ArrayUp/Content/2DSideScroller/Textures/2DBackgroundTile.uasset" 10
"../../../ArrayUp/Content/2DSideScroller/Materials/PrototypingSpriteMaterial.uasset" 11
"../../../ArrayUp/Content/2DSideScroller/Sprites/PrototypingSprite.uasset" 12
"../../../ArrayUp/Content/2DSideScroller/Textures/2DCharacter_RunAnimAtlas.uasset" 13
"../../../ArrayUp/Content/2DSideScroller/Sprites/RunFrames/RunCycle_1.uasset" 14
"../../../ArrayUp/Content/2DSideScroller/Sprites/RunFrames/RunCycle_10.uasset" 15
"../../../ArrayUp/Content/2DSideScroller/Sprites/RunFrames/RunCycle_11.uasset" 16
"../../../ArrayUp/Content/2DSideScroller/Sprites/RunFrames/RunCycle_12.uasset" 17
"../../../ArrayUp/Content/2DSideScroller/Sprites/RunFrames/RunCycle_13.uasset" 18
"../../../ArrayUp/Content/2DSideScroller/Sprites/RunFrames/RunCycle_14.uasset" 19
"../../../ArrayUp/Content/2DSideScroller/Sprites/RunFrames/RunCycle_15.uasset" 20
"../../../ArrayUp/Content/2DSideScroller/Sprites/RunFrames/RunCycle_16.uasset" 21
"../../../ArrayUp/Content/2DSideScroller/Sprites/RunFrames/RunCycle_2.uasset" 22
"../../../ArrayUp/Content/2DSideScroller/Sprites/RunFrames/RunCycle_3.uasset" 23
"../../../ArrayUp/Content/2DSideScroller/Sprites/RunFrames/RunCycle_4.uasset" 24
"../../../ArrayUp/Content/2DSideScroller/Sprites/RunFrames/RunCycle_5.uasset" 25
"../../../ArrayUp/Content/2DSideScroller/Sprites/RunFrames/RunCycle_6.uasset" 26
"../../../ArrayUp/Content/2DSideScroller/Sprites/RunFrames/RunCycle_7.uasset" 27
"../../../ArrayUp/Content/2DSideScroller/Sprites/RunFrames/RunCycle_8.uasset" 28
"../../../ArrayUp/Content/2DSideScroller/Sprites/RunFrames/RunCycle_9.uasset" 29
"../../../ArrayUp/Content/2DSideScroller/Sprites/RunningAnimation.uasset" 30
"../../../Engine/Plugins/2D/Paper2D/Content/DefaultSpriteMaterial.uasset" 31
"../../../Engine/Plugins/2D/Paper2D/Content/TranslucentUnlitSpriteMaterial.uasset" 32
"../../../ArrayUp/Content/2DSideScroller/Textures/spritesheet_players.uasset" 33
"../../../ArrayUp/Content/2DSideScroller/Sprites/PlayerFrames/spritesheet_players_Sprite_39.uasset" 34
"../../../ArrayUp/Content/2DSideScroller/Sprites/PlayerFrames/PlayerIdle.uasset" 35
"../../../ArrayUp/Content/2DSideScroller/Sprites/PlayerFrames/spritesheet_players_Sprite_46.uasset" 36
"../../../ArrayUp/Content/2DSideScroller/Sprites/PlayerFrames/PlayerJump.uasset" 37
"../../../ArrayUp/Content/2DSideScroller/Sprites/PlayerFrames/spritesheet_players_Sprite_11.uasset" 38
"../../../ArrayUp/Content/2DSideScroller/Sprites/PlayerFrames/spritesheet_players_Sprite_18.uasset" 39
"../../../ArrayUp/Content/2DSideScroller/Sprites/PlayerFrames/PlayerWalk.uasset" 40
"../../../ArrayUp/Content/2DSideScroller/Textures/spritesheet_ground.uasset" 41
"../../../ArrayUp/Content/2DSideScroller/Textures/spritesheet_ground_Sprite_1.uasset" 42
"../../../ArrayUp/Content/2DSideScroller/Textures/spritesheet_ground_Sprite_10.uasset" 43
"../../../ArrayUp/Content/2DSideScroller/Textures/spritesheet_ground_Sprite_100.uasset" 44
"../../../ArrayUp/Content/2DSideScroller/Textures/spritesheet_ground_Sprite_101.uasset" 45
"../../../ArrayUp/Content/2DSideScroller/Textures/spritesheet_ground_Sprite_102.uasset" 46
"../../../ArrayUp/Content/2DSideScroller/Textures/spritesheet_ground_Sprite_103.uasset" 47
"../../../ArrayUp/Content/2DSideScroller/Textures/spritesheet_ground_Sprite_104.uasset" 48
"../../../ArrayUp/Content/2DSideScroller/Textures/spritesheet_ground_Sprite_105.uasset" 49
"../../../ArrayUp/Content/2DSideScroller/Textures/spritesheet_ground_Sprite_106.uasset" 50
"../../../ArrayUp/Content/2DSideScroller/Textures/spritesheet_ground_Sprite_107.uasset" 51
"../../../ArrayUp/Content/2DSideScroller/Textures/spritesheet_ground_Sprite_108.uasset" 52
"../../../ArrayUp/Content/2DSideScroller/Textures/spritesheet_ground_Sprite_109.uasset" 53
"../../../ArrayUp/Content/2DSideScroller/Textures/spritesheet_ground_Sprite_11.uasset" 54
"../../../ArrayUp/Content/2DSideScroller/Textures/spritesheet_ground_Sprite_110.uasset" 55
"../../../ArrayUp/Content/2DSideScroller/Textures/spritesheet_ground_Sprite_111.uasset" 56
"../../../ArrayUp/Content/2DSideScroller/Textures/spritesheet_ground_Sprite_112.uasset" 57
"../../../ArrayUp/Content/2DSideScroller/Textures/spritesheet_ground_Sprite_113.uasset" 58
"../../../ArrayUp/Content/2DSideScroller/Textures/spritesheet_ground_Sprite_114.uasset" 59
"../../../ArrayUp/Content/2DSideScroller/Textures/spritesheet_ground_Sprite_115.uasset" 60
"../../../ArrayUp/Content/2DSideScroller/Textures/spritesheet_ground_Sprite_116.uasset" 61
"../../../ArrayUp/Content/2DSideScroller/Textures/spritesheet_ground_Sprite_117.uasset" 62
"../../../ArrayUp/Content/2DSideScroller/Textures/spritesheet_ground_Sprite_118.uasset" 63
"../../../ArrayUp/Content/2DSideScroller/Textures/spritesheet_ground_Sprite_119.uasset" 64
"../../../ArrayUp/Content/2DSideScroller/Textures/spritesheet_ground_Sprite_12.uasset" 65
"../../../ArrayUp/Content/2DSideScroller/Textures/spritesheet_ground_Sprite_120.uasset" 66
"../../../ArrayUp/Content/2DSideScroller/Textures/spritesheet_ground_Sprite_121.uasset" 67
"../../../ArrayUp/Content/2DSideScroller/Textures/spritesheet_ground_Sprite_122.uasset" 68
"../../../ArrayUp/Content/2DSideScroller/Textures/spritesheet_ground_Sprite_123.uasset" 69
"../../../ArrayUp/Content/2DSideScroller/Textures/spritesheet_ground_Sprite_124.uasset" 70
"../../../ArrayUp/Content/2DSideScroller/Textures/spritesheet_ground_Sprite_126.uasset" 71
"../../../ArrayUp/Content/2DSideScroller/Textures/spritesheet_ground_Sprite_127.uasset" 72
"../../../ArrayUp/Content/2DSideScroller/Textures/spritesheet_ground_Sprite_13.uasset" 73
"../../../ArrayUp/Content/2DSideScroller/Textures/spritesheet_ground_Sprite_15.uasset" 74
"../../../ArrayUp/Content/2DSideScroller/Textures/spritesheet_ground_Sprite_17.uasset" 75
"../../../ArrayUp/Content/2DSideScroller/Textures/spritesheet_ground_Sprite_18.uasset" 76
"../../../ArrayUp/Content/2DSideScroller/Textures/spritesheet_ground_Sprite_19.uasset" 77
"../../../ArrayUp/Content/2DSideScroller/Textures/spritesheet_ground_Sprite_2.uasset" 78
"../../../ArrayUp/Content/2DSideScroller/Textures/spritesheet_ground_Sprite_20.uasset" 79
"../../../ArrayUp/Content/2DSideScroller/Textures/spritesheet_ground_Sprite_21.uasset" 80
"../../../ArrayUp/Content/2DSideScroller/Textures/spritesheet_ground_Sprite_22.uasset" 81
"../../../ArrayUp/Content/2DSideScroller/Textures/spritesheet_ground_Sprite_23.uasset" 82
"../../../ArrayUp/Content/2DSideScroller/Textures/spritesheet_ground_Sprite_24.uasset" 83
"../../../ArrayUp/Content/2DSideScroller/Textures/spritesheet_ground_Sprite_25.uasset" 84
"../../../ArrayUp/Content/2DSideScroller/Textures/spritesheet_ground_Sprite_26.uasset" 85
"../../../ArrayUp/Content/2DSideScroller/Textures/spritesheet_ground_Sprite_27.uasset" 86
"../../../ArrayUp/Content/2DSideScroller/Textures/spritesheet_ground_Sprite_28.uasset" 87
"../../../ArrayUp/Content/2DSideScroller/Textures/spritesheet_ground_Sprite_29.uasset" 88
"../../../ArrayUp/Content/2DSideScroller/Textures/spritesheet_ground_Sprite_3.uasset" 89
"../../../ArrayUp/Content/2DSideScroller/Textures/spritesheet_ground_Sprite_30.uasset" 90
"../../../ArrayUp/Content/2DSideScroller/Textures/spritesheet_ground_Sprite_31.uasset" 91
"../../../ArrayUp/Content/2DSideScroller/Textures/spritesheet_ground_Sprite_32.uasset" 92
"../../../ArrayUp/Content/2DSideScroller/Textures/spritesheet_ground_Sprite_33.uasset" 93
"../../../ArrayUp/Content/2DSideScroller/Textures/spritesheet_ground_Sprite_35.uasset" 94
"../../../ArrayUp/Content/2DSideScroller/Textures/spritesheet_ground_Sprite_36.uasset" 95
"../../../ArrayUp/Content/2DSideScroller/Textures/spritesheet_ground_Sprite_37.uasset" 96
"../../../ArrayUp/Content/2DSideScroller/Textures/spritesheet_ground_Sprite_38.uasset" 97
"../../../ArrayUp/Content/2DSideScroller/Textures/spritesheet_ground_Sprite_39.uasset" 98
"../../../ArrayUp/Content/2DSideScroller/Textures/spritesheet_ground_Sprite_4.uasset" 99
"../../../ArrayUp/Content/2DSideScroller/Textures/spritesheet_ground_Sprite_40.uasset" 100
"../../../ArrayUp/Content/2DSideScroller/Textures/spritesheet_ground_Sprite_41.uasset" 101
"../../../ArrayUp/Content/2DSideScroller/Textures/spritesheet_ground_Sprite_43.uasset" 102
"../../../ArrayUp/Content/2DSideScroller/Textures/spritesheet_ground_Sprite_44.uasset" 103
"../../../ArrayUp/Content/2DSideScroller/Textures/spritesheet_ground_Sprite_45.uasset" 104
"../../../ArrayUp/Content/2DSideScroller/Textures/spritesheet_ground_Sprite_46.uasset" 105
"../../../ArrayUp/Content/2DSideScroller/Textures/spritesheet_ground_Sprite_47.uasset" 106
"../../../ArrayUp/Content/2DSideScroller/Textures/spritesheet_ground_Sprite_48.uasset" 107
"../../../ArrayUp/Content/2DSideScroller/Textures/spritesheet_ground_Sprite_49.uasset" 108
"../../../ArrayUp/Content/2DSideScroller/Textures/spritesheet_ground_Sprite_5.uasset" 109
"../../../ArrayUp/Content/2DSideScroller/Textures/spritesheet_ground_Sprite_51.uasset" 110
"../../../ArrayUp/Content/2DSideScroller/Textures/spritesheet_ground_Sprite_52.uasset" 111
"../../../ArrayUp/Content/2DSideScroller/Textures/spritesheet_ground_Sprite_53.uasset" 112
"../../../ArrayUp/Content/2DSideScroller/Textures/spritesheet_ground_Sprite_54.uasset" 113
"../../../ArrayUp/Content/2DSideScroller/Textures/spritesheet_ground_Sprite_55.uasset" 114
"../../../ArrayUp/Content/2DSideScroller/Textures/spritesheet_ground_Sprite_56.uasset" 115
"../../../ArrayUp/Content/2DSideScroller/Textures/spritesheet_ground_Sprite_57.uasset" 116
"../../../ArrayUp/Content/2DSideScroller/Textures/spritesheet_ground_Sprite_58.uasset" 117
"../../../ArrayUp/Content/2DSideScroller/Textures/spritesheet_ground_Sprite_59.uasset" 118
"../../../ArrayUp/Content/2DSideScroller/Textures/spritesheet_ground_Sprite_60.uasset" 119
"../../../ArrayUp/Content/2DSideScroller/Textures/spritesheet_ground_Sprite_61.uasset" 120
"../../../ArrayUp/Content/2DSideScroller/Textures/spritesheet_ground_Sprite_62.uasset" 121
"../../../ArrayUp/Content/2DSideScroller/Textures/spritesheet_ground_Sprite_63.uasset" 122
"../../../ArrayUp/Content/2DSideScroller/Textures/spritesheet_ground_Sprite_64.uasset" 123
"../../../ArrayUp/Content/2DSideScroller/Textures/spritesheet_ground_Sprite_65.uasset" 124
"../../../ArrayUp/Content/2DSideScroller/Textures/spritesheet_ground_Sprite_66.uasset" 125
"../../../ArrayUp/Content/2DSideScroller/Textures/spritesheet_ground_Sprite_67.uasset" 126
"../../../ArrayUp/Content/2DSideScroller/Textures/spritesheet_ground_Sprite_68.uasset" 127
"../../../ArrayUp/Content/2DSideScroller/Textures/spritesheet_ground_Sprite_69.uasset" 128
"../../../ArrayUp/Content/2DSideScroller/Textures/spritesheet_ground_Sprite_7.uasset" 129
"../../../ArrayUp/Content/2DSideScroller/Textures/spritesheet_ground_Sprite_70.uasset" 130
"../../../ArrayUp/Content/2DSideScroller/Textures/spritesheet_ground_Sprite_71.uasset" 131
"../../../ArrayUp/Content/2DSideScroller/Textures/spritesheet_ground_Sprite_72.uasset" 132
"../../../ArrayUp/Content/2DSideScroller/Textures/spritesheet_ground_Sprite_73.uasset" 133
"../../../ArrayUp/Content/2DSideScroller/Textures/spritesheet_ground_Sprite_74.uasset" 134
"../../../ArrayUp/Content/2DSideScroller/Textures/spritesheet_ground_Sprite_75.uasset" 135
"../../../ArrayUp/Content/2DSideScroller/Textures/spritesheet_ground_Sprite_76.uasset" 136
"../../../ArrayUp/Content/2DSideScroller/Textures/spritesheet_ground_Sprite_77.uasset" 137
"../../../ArrayUp/Content/2DSideScroller/Textures/spritesheet_ground_Sprite_78.uasset" 138
"../../../ArrayUp/Content/2DSideScroller/Textures/spritesheet_ground_Sprite_79.uasset" 139
"../../../ArrayUp/Content/2DSideScroller/Textures/spritesheet_ground_Sprite_80.uasset" 140
"../../../ArrayUp/Content/2DSideScroller/Textures/spritesheet_ground_Sprite_81.uasset" 141
"../../../ArrayUp/Content/2DSideScroller/Textures/spritesheet_ground_Sprite_82.uasset" 142
"../../../ArrayUp/Content/2DSideScroller/Textures/spritesheet_ground_Sprite_83.uasset" 143
"../../../ArrayUp/Content/2DSideScroller/Textures/spritesheet_ground_Sprite_84.uasset" 144
"../../../ArrayUp/Content/2DSideScroller/Textures/spritesheet_ground_Sprite_85.uasset" 145
"../../../ArrayUp/Content/2DSideScroller/Textures/spritesheet_ground_Sprite_86.uasset" 146
"../../../ArrayUp/Content/2DSideScroller/Textures/spritesheet_ground_Sprite_87.uasset" 147
"../../../ArrayUp/Content/2DSideScroller/Textures/spritesheet_ground_Sprite_88.uasset" 148
"../../../ArrayUp/Content/2DSideScroller/Textures/spritesheet_ground_Sprite_89.uasset" 149
"../../../ArrayUp/Content/2DSideScroller/Textures/spritesheet_ground_Sprite_9.uasset" 150
"../../../ArrayUp/Content/2DSideScroller/Textures/spritesheet_ground_Sprite_90.uasset" 151
"../../../ArrayUp/Content/2DSideScroller/Textures/spritesheet_ground_Sprite_91.uasset" 152
"../../../ArrayUp/Content/2DSideScroller/Textures/spritesheet_ground_Sprite_92.uasset" 153
"../../../ArrayUp/Content/2DSideScroller/Textures/spritesheet_ground_Sprite_93.uasset" 154
"../../../ArrayUp/Content/2DSideScroller/Textures/spritesheet_ground_Sprite_94.uasset" 155
"../../../ArrayUp/Content/2DSideScroller/Textures/spritesheet_ground_Sprite_95.uasset" 156
"../../../ArrayUp/Content/2DSideScroller/Textures/spritesheet_ground_Sprite_96.uasset" 157
"../../../ArrayUp/Content/2DSideScroller/Textures/spritesheet_ground_Sprite_97.uasset" 158
"../../../ArrayUp/Content/2DSideScroller/Textures/spritesheet_ground_Sprite_98.uasset" 159
"../../../ArrayUp/Content/2DSideScroller/Textures/spritesheet_ground_Sprite_99.uasset" 160
"../../../ArrayUp/Content/2DSideScroller/Textures/spritesheet_items.uasset" 161
"../../../ArrayUp/Content/2DSideScroller/Textures/spritesheet_items_Sprite_0.uasset" 162
"../../../ArrayUp/Content/2DSideScroller/Textures/spritesheet_items_Sprite_1.uasset" 163
"../../../ArrayUp/Content/2DSideScroller/Textures/spritesheet_items_Sprite_10.uasset" 164
"../../../ArrayUp/Content/2DSideScroller/Textures/spritesheet_items_Sprite_11.uasset" 165
"../../../ArrayUp/Content/2DSideScroller/Textures/spritesheet_items_Sprite_12.uasset" 166
"../../../ArrayUp/Content/2DSideScroller/Textures/spritesheet_items_Sprite_13.uasset" 167
"../../../ArrayUp/Content/2DSideScroller/Textures/spritesheet_items_Sprite_14.uasset" 168
"../../../ArrayUp/Content/2DSideScroller/Textures/spritesheet_items_Sprite_15.uasset" 169
"../../../ArrayUp/Content/2DSideScroller/Textures/spritesheet_items_Sprite_2.uasset" 170
"../../../ArrayUp/Content/2DSideScroller/Textures/spritesheet_items_Sprite_3.uasset" 171
"../../../ArrayUp/Content/2DSideScroller/Textures/spritesheet_items_Sprite_4.uasset" 172
"../../../ArrayUp/Content/2DSideScroller/Textures/spritesheet_items_Sprite_5.uasset" 173
"../../../ArrayUp/Content/2DSideScroller/Textures/spritesheet_items_Sprite_6.uasset" 174
"../../../ArrayUp/Content/2DSideScroller/Textures/spritesheet_items_Sprite_7.uasset" 175
"../../../ArrayUp/Content/2DSideScroller/Textures/spritesheet_items_Sprite_8.uasset" 176
"../../../ArrayUp/Content/2DSideScroller/Textures/spritesheet_items_Sprite_9.uasset" 177
"../../../ArrayUp/Content/2DSideScroller/Textures/spritesheet_players_Sprite_0.uasset" 178
"../../../ArrayUp/Content/2DSideScroller/Textures/spritesheet_players_Sprite_1.uasset" 179
"../../../ArrayUp/Content/2DSideScroller/Textures/spritesheet_players_Sprite_10.uasset" 180
"../../../ArrayUp/Content/2DSideScroller/Textures/spritesheet_players_Sprite_12.uasset" 181
"../../../ArrayUp/Content/2DSideScroller/Textures/spritesheet_players_Sprite_13.uasset" 182
"../../../ArrayUp/Content/2DSideScroller/Textures/spritesheet_players_Sprite_14.uasset" 183
"../../../ArrayUp/Content/2DSideScroller/Textures/spritesheet_players_Sprite_15.uasset" 184
"../../../ArrayUp/Content/2DSideScroller/Textures/spritesheet_players_Sprite_16.uasset" 185
"../../../ArrayUp/Content/2DSideScroller/Textures/spritesheet_players_Sprite_19.uasset" 186
"../../../ArrayUp/Content/2DSideScroller/Textures/spritesheet_players_Sprite_2.uasset" 187
"../../../ArrayUp/Content/2DSideScroller/Textures/spritesheet_players_Sprite_20.uasset" 188
"../../../ArrayUp/Content/2DSideScroller/Textures/spritesheet_players_Sprite_21.uasset" 189
"../../../ArrayUp/Content/2DSideScroller/Textures/spritesheet_players_Sprite_22.uasset" 190
"../../../ArrayUp/Content/2DSideScroller/Textures/spritesheet_players_Sprite_23.uasset" 191
"../../../ArrayUp/Content/2DSideScroller/Textures/spritesheet_players_Sprite_24.uasset" 192
"../../../ArrayUp/Content/2DSideScroller/Textures/spritesheet_players_Sprite_25.uasset" 193
"../../../ArrayUp/Content/2DSideScroller/Textures/spritesheet_players_Sprite_26.uasset" 194
"../../../ArrayUp/Content/2DSideScroller/Textures/spritesheet_players_Sprite_27.uasset" 195
"../../../ArrayUp/Content/2DSideScroller/Textures/spritesheet_players_Sprite_28.uasset" 196
"../../../ArrayUp/Content/2DSideScroller/Textures/spritesheet_players_Sprite_29.uasset" 197
"../../../ArrayUp/Content/2DSideScroller/Textures/spritesheet_players_Sprite_3.uasset" 198
"../../../ArrayUp/Content/2DSideScroller/Textures/spritesheet_players_Sprite_30.uasset" 199
"../../../ArrayUp/Content/2DSideScroller/Textures/spritesheet_players_Sprite_31.uasset" 200
"../../../ArrayUp/Content/2DSideScroller/Textures/spritesheet_players_Sprite_32.uasset" 201
"../../../ArrayUp/Content/2DSideScroller/Textures/spritesheet_players_Sprite_33.uasset" 202
"../../../ArrayUp/Content/2DSideScroller/Textures/spritesheet_players_Sprite_34.uasset" 203
"../../../ArrayUp/Content/2DSideScroller/Textures/spritesheet_players_Sprite_35.uasset" 204
"../../../ArrayUp/Content/2DSideScroller/Textures/spritesheet_players_Sprite_36.uasset" 205
"../../../ArrayUp/Content/2DSideScroller/Textures/spritesheet_players_Sprite_37.uasset" 206
"../../../ArrayUp/Content/2DSideScroller/Textures/spritesheet_players_Sprite_38.uasset" 207
"../../../ArrayUp/Content/2DSideScroller/Textures/spritesheet_players_Sprite_4.uasset" 208
"../../../ArrayUp/Content/2DSideScroller/Textures/spritesheet_players_Sprite_40.uasset" 209
"../../../ArrayUp/Content/2DSideScroller/Textures/spritesheet_players_Sprite_41.uasset" 210
"../../../ArrayUp/Content/2DSideScroller/Textures/spritesheet_players_Sprite_42.uasset" 211
"../../../ArrayUp/Content/2DSideScroller/Textures/spritesheet_players_Sprite_43.uasset" 212
"../../../ArrayUp/Content/2DSideScroller/Textures/spritesheet_players_Sprite_47.uasset" 213
"../../../ArrayUp/Content/2DSideScroller/Textures/spritesheet_players_Sprite_49.uasset" 214
"../../../ArrayUp/Content/2DSideScroller/Textures/spritesheet_players_Sprite_5.uasset" 215
"../../../ArrayUp/Content/2DSideScroller/Textures/spritesheet_players_Sprite_50.uasset" 216
"../../../ArrayUp/Content/2DSideScroller/Textures/spritesheet_players_Sprite_52.uasset" 217
"../../../ArrayUp/Content/2DSideScroller/Textures/spritesheet_players_Sprite_53.uasset" 218
"../../../ArrayUp/Content/2DSideScroller/Textures/spritesheet_players_Sprite_54.uasset" 219
"../../../ArrayUp/Content/2DSideScroller/Textures/spritesheet_players_Sprite_6.uasset" 220
"../../../ArrayUp/Content/2DSideScroller/Textures/spritesheet_players_Sprite_7.uasset" 221
"../../../ArrayUp/Content/2DSideScroller/Textures/spritesheet_players_Sprite_8.uasset" 222
"../../../ArrayUp/Content/2DSideScroller/Textures/spritesheet_players_Sprite_9.uasset" 223
"../../../ArrayUp/Content/2DSideScroller/Textures/spritesheet_tiles.uasset" 224
"../../../ArrayUp/Content/2DSideScroller/Textures/spritesheet_tiles_Sprite_0.uasset" 225
"../../../ArrayUp/Content/2DSideScroller/Textures/spritesheet_tiles_Sprite_1.uasset" 226
"../../../ArrayUp/Content/2DSideScroller/Textures/spritesheet_tiles_Sprite_10.uasset" 227
"../../../ArrayUp/Content/2DSideScroller/Textures/spritesheet_tiles_Sprite_100.uasset" 228
"../../../ArrayUp/Content/2DSideScroller/Textures/spritesheet_tiles_Sprite_101.uasset" 229
"../../../ArrayUp/Content/2DSideScroller/Textures/spritesheet_tiles_Sprite_102.uasset" 230
"../../../ArrayUp/Content/2DSideScroller/Textures/spritesheet_tiles_Sprite_103.uasset" 231
"../../../ArrayUp/Content/2DSideScroller/Textures/spritesheet_tiles_Sprite_105.uasset" 232
"../../../ArrayUp/Content/2DSideScroller/Textures/spritesheet_tiles_Sprite_106.uasset" 233
"../../../ArrayUp/Content/2DSideScroller/Textures/spritesheet_tiles_Sprite_107.uasset" 234
"../../../ArrayUp/Content/2DSideScroller/Textures/spritesheet_tiles_Sprite_108.uasset" 235
"../../../ArrayUp/Content/2DSideScroller/Textures/spritesheet_tiles_Sprite_109.uasset" 236
"../../../ArrayUp/Content/2DSideScroller/Textures/spritesheet_tiles_Sprite_11.uasset" 237
"../../../ArrayUp/Content/2DSideScroller/Textures/spritesheet_tiles_Sprite_110.uasset" 238
"../../../ArrayUp/Content/2DSideScroller/Textures/spritesheet_tiles_Sprite_111.uasset" 239
"../../../ArrayUp/Content/2DSideScroller/Textures/spritesheet_tiles_Sprite_112.uasset" 240
"../../../ArrayUp/Content/2DSideScroller/Textures/spritesheet_tiles_Sprite_113.uasset" 241
"../../../ArrayUp/Content/2DSideScroller/Textures/spritesheet_tiles_Sprite_114.uasset" 242
"../../../ArrayUp/Content/2DSideScroller/Textures/spritesheet_tiles_Sprite_115.uasset" 243
"../../../ArrayUp/Content/2DSideScroller/Textures/spritesheet_tiles_Sprite_116.uasset" 244
"../../../ArrayUp/Content/2DSideScroller/Textures/spritesheet_tiles_Sprite_117.uasset" 245
"../../../ArrayUp/Content/2DSideScroller/Textures/spritesheet_tiles_Sprite_118.uasset" 246
"../../../ArrayUp/Content/2DSideScroller/Textures/spritesheet_tiles_Sprite_119.uasset" 247
"../../../ArrayUp/Content/2DSideScroller/Textures/spritesheet_tiles_Sprite_12.uasset" 248
"../../../ArrayUp/Content/2DSideScroller/Textures/spritesheet_tiles_Sprite_120.uasset" 249
"../../../ArrayUp/Content/2DSideScroller/Textures/spritesheet_tiles_Sprite_121.uasset" 250
"../../../ArrayUp/Content/2DSideScroller/Textures/spritesheet_tiles_Sprite_122.uasset" 251
"../../../ArrayUp/Content/2DSideScroller/Textures/spritesheet_tiles_Sprite_123.uasset" 252
"../../../ArrayUp/Content/2DSideScroller/Textures/spritesheet_tiles_Sprite_124.uasset" 253
"../../../ArrayUp/Content/2DSideScroller/Textures/spritesheet_tiles_Sprite_125.uasset" 254
"../../../ArrayUp/Content/2DSideScroller/Textures/spritesheet_tiles_Sprite_126.uasset" 255
"../../../ArrayUp/Content/2DSideScroller/Textures/spritesheet_tiles_Sprite_127.uasset" 256
"../../../ArrayUp/Content/2DSideScroller/Textures/spritesheet_tiles_Sprite_13.uasset" 257
"../../../ArrayUp/Content/2DSideScroller/Textures/spritesheet_tiles_Sprite_14.uasset" 258
"../../../ArrayUp/Content/2DSideScroller/Textures/spritesheet_tiles_Sprite_15.uasset" 259
"../../../ArrayUp/Content/2DSideScroller/Textures/spritesheet_tiles_Sprite_16.uasset" 260
"../../../ArrayUp/Content/2DSideScroller/Textures/spritesheet_tiles_Sprite_17.uasset" 261
"../../../ArrayUp/Content/2DSideScroller/Textures/spritesheet_tiles_Sprite_18.uasset" 262
"../../../ArrayUp/Content/2DSideScroller/Textures/spritesheet_tiles_Sprite_19.uasset" 263
"../../../ArrayUp/Content/2DSideScroller/Textures/spritesheet_tiles_Sprite_2.uasset" 264
"../../../ArrayUp/Content/2DSideScroller/Textures/spritesheet_tiles_Sprite_20.uasset" 265
"../../../ArrayUp/Content/2DSideScroller/Textures/spritesheet_tiles_Sprite_21.uasset" 266
"../../../ArrayUp/Content/2DSideScroller/Textures/spritesheet_tiles_Sprite_22.uasset" 267
"../../../ArrayUp/Content/2DSideScroller/Textures/spritesheet_tiles_Sprite_23.uasset" 268
"../../../ArrayUp/Content/2DSideScroller/Textures/spritesheet_tiles_Sprite_24.uasset" 269
"../../../ArrayUp/Content/2DSideScroller/Textures/spritesheet_tiles_Sprite_26.uasset" 270
"../../../ArrayUp/Content/2DSideScroller/Textures/spritesheet_tiles_Sprite_27.uasset" 271
"../../../ArrayUp/Content/2DSideScroller/Textures/spritesheet_tiles_Sprite_28.uasset" 272
"../../../ArrayUp/Content/2DSideScroller/Textures/spritesheet_tiles_Sprite_29.uasset" 273
"../../../ArrayUp/Content/2DSideScroller/Textures/spritesheet_tiles_Sprite_3.uasset" 274
"../../../ArrayUp/Content/2DSideScroller/Textures/spritesheet_tiles_Sprite_30.uasset" 275
"../../../ArrayUp/Content/2DSideScroller/Textures/spritesheet_tiles_Sprite_31.uasset" 276
"../../../ArrayUp/Content/2DSideScroller/Textures/spritesheet_tiles_Sprite_32.uasset" 277
"../../../ArrayUp/Content/2DSideScroller/Textures/spritesheet_tiles_Sprite_34.uasset" 278
"../../../ArrayUp/Content/2DSideScroller/Textures/spritesheet_tiles_Sprite_35.uasset" 279
"../../../ArrayUp/Content/2DSideScroller/Textures/spritesheet_tiles_Sprite_36.uasset" 280
"../../../ArrayUp/Content/2DSideScroller/Textures/spritesheet_tiles_Sprite_37.uasset" 281
"../../../ArrayUp/Content/2DSideScroller/Textures/spritesheet_tiles_Sprite_38.uasset" 282
"../../../ArrayUp/Content/2DSideScroller/Textures/spritesheet_tiles_Sprite_39.uasset" 283
"../../../ArrayUp/Content/2DSideScroller/Textures/spritesheet_tiles_Sprite_4.uasset" 284
"../../../ArrayUp/Content/2DSideScroller/Textures/spritesheet_tiles_Sprite_40.uasset" 285
"../../../ArrayUp/Content/2DSideScroller/Textures/spritesheet_tiles_Sprite_41.uasset" 286
"../../../ArrayUp/Content/2DSideScroller/Textures/spritesheet_tiles_Sprite_43.uasset" 287
"../../../ArrayUp/Content/2DSideScroller/Textures/spritesheet_tiles_Sprite_44.uasset" 288
"../../../ArrayUp/Content/2DSideScroller/Textures/spritesheet_tiles_Sprite_45.uasset" 289
"../../../ArrayUp/Content/2DSideScroller/Textures/spritesheet_tiles_Sprite_46.uasset" 290
"../../../ArrayUp/Content/2DSideScroller/Textures/spritesheet_tiles_Sprite_47.uasset" 291
"../../../ArrayUp/Content/2DSideScroller/Textures/spritesheet_tiles_Sprite_48.uasset" 292
"../../../ArrayUp/Content/2DSideScroller/Textures/spritesheet_tiles_Sprite_49.uasset" 293
"../../../ArrayUp/Content/2DSideScroller/Textures/spritesheet_tiles_Sprite_5.uasset" 294
"../../../ArrayUp/Content/2DSideScroller/Textures/spritesheet_tiles_Sprite_50.uasset" 295
"../../../ArrayUp/Content/2DSideScroller/Textures/spritesheet_tiles_Sprite_51.uasset" 296
"../../../ArrayUp/Content/2DSideScroller/Textures/spritesheet_tiles_Sprite_52.uasset" 297
"../../../ArrayUp/Content/2DSideScroller/Textures/spritesheet_tiles_Sprite_53.uasset" 298
"../../../ArrayUp/Content/2DSideScroller/Textures/spritesheet_tiles_Sprite_54.uasset" 299
"../../../ArrayUp/Content/2DSideScroller/Textures/spritesheet_tiles_Sprite_55.uasset" 300
"../../../ArrayUp/Content/2DSideScroller/Textures/spritesheet_tiles_Sprite_56.uasset" 301
"../../../ArrayUp/Content/2DSideScroller/Textures/spritesheet_tiles_Sprite_57.uasset" 302
"../../../ArrayUp/Content/2DSideScroller/Textures/spritesheet_tiles_Sprite_58.uasset" 303
"../../../ArrayUp/Content/2DSideScroller/Textures/spritesheet_tiles_Sprite_59.uasset" 304
"../../../ArrayUp/Content/2DSideScroller/Textures/spritesheet_tiles_Sprite_6.uasset" 305
"../../../ArrayUp/Content/2DSideScroller/Textures/spritesheet_tiles_Sprite_60.uasset" 306
"../../../ArrayUp/Content/2DSideScroller/Textures/spritesheet_tiles_Sprite_61.uasset" 307
"../../../ArrayUp/Content/2DSideScroller/Textures/spritesheet_tiles_Sprite_62.uasset" 308
"../../../ArrayUp/Content/2DSideScroller/Textures/spritesheet_tiles_Sprite_63.uasset" 309
"../../../ArrayUp/Content/2DSideScroller/Textures/spritesheet_tiles_Sprite_64.uasset" 310
"../../../ArrayUp/Content/2DSideScroller/Textures/spritesheet_tiles_Sprite_65.uasset" 311
"../../../ArrayUp/Content/2DSideScroller/Textures/spritesheet_tiles_Sprite_66.uasset" 312
"../../../ArrayUp/Content/2DSideScroller/Textures/spritesheet_tiles_Sprite_67.uasset" 313
"../../../ArrayUp/Content/2DSideScroller/Textures/spritesheet_tiles_Sprite_68.uasset" 314
"../../../ArrayUp/Content/2DSideScroller/Textures/spritesheet_tiles_Sprite_69.uasset" 315
"../../../ArrayUp/Content/2DSideScroller/Textures/spritesheet_tiles_Sprite_7.uasset" 316
"../../../ArrayUp/Content/2DSideScroller/Textures/spritesheet_tiles_Sprite_70.uasset" 317
"../../../ArrayUp/Content/2DSideScroller/Textures/spritesheet_tiles_Sprite_71.uasset" 318
"../../../ArrayUp/Content/2DSideScroller/Textures/spritesheet_tiles_Sprite_72.uasset" 319
"../../../ArrayUp/Content/2DSideScroller/Textures/spritesheet_tiles_Sprite_73.uasset" 320
"../../../ArrayUp/Content/2DSideScroller/Textures/spritesheet_tiles_Sprite_74.uasset" 321
"../../../ArrayUp/Content/2DSideScroller/Textures/spritesheet_tiles_Sprite_75.uasset" 322
"../../../ArrayUp/Content/2DSideScroller/Textures/spritesheet_tiles_Sprite_76.uasset" 323
"../../../ArrayUp/Content/2DSideScroller/Textures/spritesheet_tiles_Sprite_77.uasset" 324
"../../../ArrayUp/Content/2DSideScroller/Textures/spritesheet_tiles_Sprite_78.uasset" 325
"../../../ArrayUp/Content/2DSideScroller/Textures/spritesheet_tiles_Sprite_79.uasset" 326
"../../../ArrayUp/Content/2DSideScroller/Textures/spritesheet_tiles_Sprite_8.uasset" 327
"../../../ArrayUp/Content/2DSideScroller/Textures/spritesheet_tiles_Sprite_80.uasset" 328
"../../../ArrayUp/Content/2DSideScroller/Textures/spritesheet_tiles_Sprite_81.uasset" 329
"../../../ArrayUp/Content/2DSideScroller/Textures/spritesheet_tiles_Sprite_82.uasset" 330
"../../../ArrayUp/Content/2DSideScroller/Textures/spritesheet_tiles_Sprite_83.uasset" 331
"../../../ArrayUp/Content/2DSideScroller/Textures/spritesheet_tiles_Sprite_84.uasset" 332
"../../../ArrayUp/Content/2DSideScroller/Textures/spritesheet_tiles_Sprite_85.uasset" 333
"../../../ArrayUp/Content/2DSideScroller/Textures/spritesheet_tiles_Sprite_86.uasset" 334
"../../../ArrayUp/Content/2DSideScroller/Textures/spritesheet_tiles_Sprite_87.uasset" 335
"../../../ArrayUp/Content/2DSideScroller/Textures/spritesheet_tiles_Sprite_88.uasset" 336
"../../../ArrayUp/Content/2DSideScroller/Textures/spritesheet_tiles_Sprite_89.uasset" 337
"../../../ArrayUp/Content/2DSideScroller/Textures/spritesheet_tiles_Sprite_9.uasset" 338
"../../../ArrayUp/Content/2DSideScroller/Textures/spritesheet_tiles_Sprite_90.uasset" 339
"../../../ArrayUp/Content/2DSideScroller/Textures/spritesheet_tiles_Sprite_91.uasset" 340
"../../../ArrayUp/Content/2DSideScroller/Textures/spritesheet_tiles_Sprite_92.uasset" 341
"../../../ArrayUp/Content/2DSideScroller/Textures/spritesheet_tiles_Sprite_93.uasset" 342
"../../../ArrayUp/Content/2DSideScroller/Textures/spritesheet_tiles_Sprite_94.uasset" 343
"../../../ArrayUp/Content/2DSideScroller/Textures/spritesheet_tiles_Sprite_95.uasset" 344
"../../../ArrayUp/Content/2DSideScroller/Textures/spritesheet_tiles_Sprite_96.uasset" 345
"../../../ArrayUp/Content/2DSideScroller/Textures/spritesheet_tiles_Sprite_97.uasset" 346
"../../../ArrayUp/Content/2DSideScroller/Textures/spritesheet_tiles_Sprite_98.uasset" 347
"../../../ArrayUp/Content/2DSideScroller/Textures/spritesheet_tiles_Sprite_99.uasset" 348
"../../../Engine/Content/EditorBlueprintResources/StandardMacros.uasset" 349
"../../../ArrayUp/Content/2DSideScrollerBP/Blueprints/InteractBPI.uasset" 350
"../../../ArrayUp/Content/2DSideScrollerBP/Blueprints/InventoryStruct.uasset" 351
"../../../ArrayUp/Content/2DSideScrollerBP/Blueprints/ItemDataUI.uasset" 352
"../../../ArrayUp/Content/2DSideScroller/Textures/spritesheet_items_Sprite_16.uasset" 353
"../../../ArrayUp/Content/2DSideScroller/Textures/spritesheet_tiles_Sprite_104.uasset" 354
"../../../ArrayUp/Content/Audio/blip.uasset" 355
"../../../ArrayUp/Content/2DSideScrollerBP/Blueprints/InventoryUI.uasset" 356
"../../../ArrayUp/Content/2DSideScroller/Textures/spritesheet_players_Sprite_17.uasset" 357
"../../../ArrayUp/Content/2DSideScroller/Sprites/Idle_Player.uasset" 358
"../../../ArrayUp/Content/2DSideScroller/Textures/spritesheet_players_Sprite_48.uasset" 359
"../../../ArrayUp/Content/2DSideScroller/Sprites/Jump_Player.uasset" 360
"../../../ArrayUp/Content/2DSideScroller/Textures/spritesheet_players_Sprite_45.uasset" 361
"../../../ArrayUp/Content/2DSideScroller/Sprites/Pickup_Player.uasset" 362
"../../../ArrayUp/Content/2DSideScroller/Textures/spritesheet_players_Sprite_44.uasset" 363
"../../../ArrayUp/Content/2DSideScroller/Textures/spritesheet_players_Sprite_51.uasset" 364
"../../../ArrayUp/Content/2DSideScroller/Sprites/Walk_Player.uasset" 365
"../../../ArrayUp/Content/2DSideScrollerBP/Blueprints/FullInventoryWarning.uasset" 366
"../../../ArrayUp/Content/Audio/Kirby_dream_land_theme_song.uasset" 367
"../../../ArrayUp/Content/Audio/Pickup.uasset" 368
"../../../ArrayUp/Content/StarterContent/Audio/Explosion01.uasset" 369
"../../../ArrayUp/Content/StarterContent/Textures/T_Burst_M.uasset" 370
"../../../ArrayUp/Content/StarterContent/Particles/Materials/M_Burst.uasset" 371
"../../../ArrayUp/Content/StarterContent/Textures/T_Explosion_SubUV.uasset" 372
"../../../ArrayUp/Content/StarterContent/Particles/Materials/M_explosion_subUV.uasset" 373
"../../../ArrayUp/Content/StarterContent/Particles/Materials/m_flare_01.uasset" 374
"../../../Engine/Content/Functions/Engine_MaterialFunctions01/Gradient/RadialGradient.uasset" 375
"../../../ArrayUp/Content/StarterContent/Particles/Materials/M_radial_ramp.uasset" 376
"../../../ArrayUp/Content/StarterContent/Textures/T_Smoke_SubUV.uasset" 377
"../../../ArrayUp/Content/StarterContent/Textures/T_Smoke_Tiled_D.uasset" 378
"../../../ArrayUp/Content/StarterContent/Particles/Materials/M_smoke_subUV.uasset" 379
"../../../ArrayUp/Content/StarterContent/Particles/P_Explosion.uasset" 380
"../../../ArrayUp/Content/2DSideScrollerBP/Blueprints/2DSideScrollerCharacter.uasset" 381
"../../../ArrayUp/Content/2DSideScrollerBP/Blueprints/ItemDropped.uasset" 382
"../../../ArrayUp/Content/2DSideScrollerBP/Blueprints/Cement_Pickup.uasset" 383
"../../../ArrayUp/Content/2DSideScrollerBP/Blueprints/Pasta_Pickup.uasset" 384
"../../../ArrayUp/Content/2DSideScrollerBP/Blueprints/Suitcase_Pickup.uasset" 385
"../../../ArrayUp/Content/2DSideScrollerBP/Blueprints/Pickups/Cement_Pickup.uasset" 386
"../../../ArrayUp/Content/2DSideScrollerBP/Blueprints/Pickups/ChickenNuggets_Pickup.uasset" 387
"../../../ArrayUp/Content/2DSideScrollerBP/Blueprints/Pickups/Cola_Pickup.uasset" 388
"../../../ArrayUp/Content/2DSideScrollerBP/Blueprints/Pickups/GavsCar_Pickup.uasset" 389
"../../../ArrayUp/Content/2DSideScrollerBP/Blueprints/Pickups/KitchenSink_Pickup.uasset" 390
"../../../ArrayUp/Content/2DSideScrollerBP/Blueprints/Pickups/Pasta_Pickup.uasset" 391
"../../../ArrayUp/Content/2DSideScrollerBP/Blueprints/Pickups/Suitcase_Pickup.uasset" 392
"../../../ArrayUp/Content/2DSideScrollerBP/Blueprints/Pickups/Teddy_Pickup.uasset" 393
"../../../ArrayUp/Content/StarterContent/Materials/M_Basic_Wall.uasset" 394
"../../../ArrayUp/Content/StarterContent/Architecture/Pillar_50x500.uasset" 395
"../../../ArrayUp/Content/StarterContent/Architecture/Wall_400x300.uasset" 396
"../../../ArrayUp/Content/StarterContent/Architecture/Wall_400x400.uasset" 397
"../../../ArrayUp/Content/StarterContent/Architecture/Wall_500x500.uasset" 398
"../../../ArrayUp/Content/StarterContent/Architecture/Wall_Door_400x400.uasset" 399
"../../../ArrayUp/Content/StarterContent/Architecture/Wall_Window_400x400.uasset" 400
"../../../ArrayUp/Content/StarterContent/Audio/Light01_Cue.uasset" 401
"../../../ArrayUp/Content/StarterContent/Audio/Light02_Cue.uasset" 402
"../../../ArrayUp/Content/StarterContent/Audio/Explosion_Cue.uasset" 403
"../../../ArrayUp/Content/StarterContent/Blueprints/Blueprint_Effect_Explosion.uasset" 404
"../../../Engine/Content/EditorMeshes/ColorCalibrator/T_ColorGrid.uasset" 405
"../../../ArrayUp/Content/StarterContent/Materials/M_ColorGrid_LowSpec.uasset" 406
"../../../ArrayUp/Content/StarterContent/Textures/T_Bush_D.uasset" 407
"../../../ArrayUp/Content/StarterContent/Textures/T_Bush_N.uasset" 408
"../../../ArrayUp/Content/StarterContent/Props/Materials/M_Bush.uasset" 409
"../../../ArrayUp/Content/StarterContent/Props/SM_Bush.uasset" 410
"../../../ArrayUp/Content/StarterContent/Textures/T_Chair_M.uasset" 411
"../../../ArrayUp/Content/StarterContent/Textures/T_Chair_N.uasset" 412
"../../../ArrayUp/Content/StarterContent/Props/Materials/M_Chair.uasset" 413
"../../../ArrayUp/Content/StarterContent/Props/SM_Couch.uasset" 414
"../../../ArrayUp/Content/StarterContent/Materials/M_Glass.uasset" 415
"../../../ArrayUp/Content/StarterContent/Textures/T_Door_M.uasset" 416
"../../../ArrayUp/Content/StarterContent/Textures/T_Door_N.uasset" 417
"../../../ArrayUp/Content/StarterContent/Props/Materials/M_Door.uasset" 418
"../../../ArrayUp/Content/StarterContent/Props/SM_Door.uasset" 419
"../../../ArrayUp/Content/StarterContent/Props/Materials/M_MaterialSphere.uasset" 420
"../../../ArrayUp/Content/StarterContent/Props/Materials/M_MaterialSphere_Plain.uasset" 421
"../../../ArrayUp/Content/StarterContent/Props/SM_MatPreviewMesh_02.uasset" 422
"../../../Engine/Content/Functions/Engine_MaterialFunctions02/Utility/BlendAngleCorrectedNormals.uasset" 423
"../../../ArrayUp/Content/StarterContent/Textures/T_Detail_Rocky_N.uasset" 424
"../../../ArrayUp/Content/StarterContent/Textures/T_Rock_Basalt_D.uasset" 425
"../../../ArrayUp/Content/StarterContent/Textures/T_RockMesh_M.uasset" 426
"../../../ArrayUp/Content/StarterContent/Textures/T_RockMesh_N.uasset" 427
"../../../ArrayUp/Content/StarterContent/Props/Materials/M_Rock.uasset" 428
"../../../ArrayUp/Content/StarterContent/Props/SM_Rock.uasset" 429
"../../../ArrayUp/Content/StarterContent/Textures/T_Shelf_M.uasset" 430
"../../../ArrayUp/Content/StarterContent/Textures/T_Shelf_N.uasset" 431
"../../../ArrayUp/Content/StarterContent/Props/Materials/M_Shelf.uasset" 432
"../../../ArrayUp/Content/StarterContent/Props/SM_Shelf.uasset" 433
"../../../ArrayUp/Content/StarterContent/Materials/M_Basic_Floor.uasset" 434
"../../../ArrayUp/Content/StarterContent/Props/SM_Stairs.uasset" 435
"../../../ArrayUp/Content/StarterContent/Shapes/Shape_Cone.uasset" 436
"../../../ArrayUp/Content/StarterContent/Shapes/Shape_Cylinder.uasset" 437
"../../../ArrayUp/Content/StarterContent/Shapes/Shape_NarrowCapsule.uasset" 438
"../../../ArrayUp/Content/StarterContent/Shapes/Shape_Pipe.uasset" 439
"../../../ArrayUp/Content/StarterContent/Shapes/Shape_Pipe_180.uasset" 440
"../../../ArrayUp/Content/StarterContent/Shapes/Shape_Pipe_90.uasset" 441
"../../../ArrayUp/Content/StarterContent/Shapes/Shape_Plane.uasset" 442
"../../../ArrayUp/Content/StarterContent/Shapes/Shape_Torus.uasset" 443
"../../../ArrayUp/Content/StarterContent/Shapes/Shape_Trim.uasset" 444
"../../../ArrayUp/Content/StarterContent/Shapes/Shape_Trim_90_In.uasset" 445
"../../../ArrayUp/Content/StarterContent/Shapes/Shape_Trim_90_Out.uasset" 446
"../../../ArrayUp/Content/StarterContent/Shapes/Shape_TriPyramid.uasset" 447
"../../../ArrayUp/Content/StarterContent/Shapes/Shape_Tube.uasset" 448
"../../../ArrayUp/Content/StarterContent/Shapes/Shape_Wedge_A.uasset" 449
"../../../ArrayUp/Content/StarterContent/Shapes/Shape_Wedge_B.uasset" 450
"../../../ArrayUp/Content/StarterContent/Shapes/Shape_WideCapsule.uasset" 451
"../../../Engine/Content/Functions/Engine_MaterialFunctions01/Opacity/CameraDepthFade.uasset" 452
"../../../Engine/Content/EngineMaterials/T_Default_Material_Grid_M.uasset" 453
"../../../Engine/Content/EngineMaterials/T_Default_Material_Grid_N.uasset" 454
"../../../Engine/Content/EngineMaterials/DefaultMaterial.uasset" 455
"../../../Engine/Content/BasicShapes/Cone.uasset" 456
"../../../Engine/Content/EngineMaterials/WorldGridMaterial.uasset" 457
"../../../Engine/Content/BasicShapes/Cube.uasset" 458
"../../../Engine/Content/BasicShapes/Cylinder.uasset" 459
"../../../Engine/Content/BasicShapes/Plane.uasset" 460
"../../../Engine/Content/BasicShapes/Sphere.uasset" 461
"../../../Engine/Content/EditorLandscapeResources/DataLayer.uasset" 462
"../../../Engine/Content/EditorMaterials/GizmoMaterial.uasset" 463
"../../../Engine/Content/EditorMaterials/MAT_Groups_Toggle.uasset" 464
"../../../Engine/Content/EditorMaterials/MAT_Groups_Visibility.uasset" 465
"../../../Engine/Content/EditorMaterials/PreviewShadowIndicator.uasset" 466
"../../../Engine/Content/EditorMaterials/PreviewShadowIndicatorMaterial.uasset" 467
"../../../Engine/Content/EditorMaterials/MatineeGroups/MAT_ColorTrack.uasset" 468
"../../../Engine/Content/EditorMaterials/MatineeGroups/MAT_Groups_Anim.uasset" 469
"../../../Engine/Content/EditorMaterials/MatineeGroups/MAT_Groups_AudioMaster.uasset" 470
"../../../Engine/Content/EditorMaterials/MatineeGroups/MAT_Groups_Director.uasset" 471
"../../../Engine/Content/EditorMaterials/MatineeGroups/MAT_Groups_Event.uasset" 472
"../../../Engine/Content/EditorMaterials/MatineeGroups/MAT_Groups_Fade.uasset" 473
"../../../Engine/Content/EditorMaterials/MatineeGroups/MAT_Groups_Float.uasset" 474
"../../../Engine/Content/EditorMaterials/MatineeGroups/MAT_Groups_Move.uasset" 475
"../../../Engine/Content/EditorMaterials/MatineeGroups/MAT_Groups_Slomo.uasset" 476
"../../../Engine/Content/EditorMaterials/MatineeGroups/MAT_Groups_Sound.uasset" 477
"../../../Engine/Content/EditorMaterials/MatineeGroups/MAT_Groups_Vector.uasset" 478
"../../../Engine/Content/EditorMaterials/ParticleSystems/PSysThumbnail_NoImage.uasset" 479
"../../../Engine/Content/EditorMaterials/ParticleSystems/PSysThumbnail_OOD.uasset" 480
"../../../Engine/Content/EditorMaterials/Camera/CineMat.uasset" 481
"../../../Engine/Content/EditorMaterials/Camera/MI_CineMat_Rig.uasset" 482
"../../../Engine/Content/EditorMeshes/Camera/SM_CraneRig_Arm.uasset" 483
"../../../Engine/Content/EditorMeshes/Camera/SM_CraneRig_Base.uasset" 484
"../../../Engine/Content/EditorMeshes/Camera/SM_CraneRig_Body.uasset" 485
"../../../Engine/Content/EditorMeshes/Camera/SM_CraneRig_Mount.uasset" 486
"../../../Engine/Content/EditorMeshes/Camera/SM_RailRig_Mount.uasset" 487
"../../../Engine/Content/EditorMeshes/Camera/SM_RailRig_Track.uasset" 488
"../../../Engine/Content/EditorResources/BSPVertex.uasset" 489
"../../../Engine/Content/EditorResources/EmptyActor.uasset" 490
"../../../Engine/Content/EditorResources/S_Actor.uasset" 491
"../../../Engine/Content/EditorResources/S_Trigger.uasset" 492
"../../../Engine/Content/EditorResources/AudioIcons/S_AudioComponent.uasset" 493
"../../../Engine/Content/EditorResources/AudioIcons/S_AudioComponent_AutoActivate.uasset" 494
"../../../Engine/Content/EditorResources/LightIcons/S_LightError.uasset" 495
"../../../Engine/Content/EditorResources/SequenceRecorder/Countdown.uasset" 496
"../../../Engine/Content/EditorResources/SequenceRecorder/RecordingIndicator.uasset" 497
"../../../Engine/Content/EditorSounds/Notifications/CompileFailed.uasset" 498
"../../../Engine/Content/EditorSounds/Notifications/CompileFailed_Cue.uasset" 499
"../../../Engine/Content/EditorSounds/Notifications/CompileSuccess.uasset" 500
"../../../Engine/Content/EditorSounds/Notifications/CompileStart_Cue.uasset" 501
"../../../Engine/Content/EditorSounds/Notifications/CompileSuccess_Cue.uasset" 502
"../../../Engine/Content/EngineDamageTypes/DmgTypeBP_Environmental.uasset" 503
"../../../Engine/Content/EngineDebugMaterials/HeatmapGradient.uasset" 504
"../../../Engine/Content/EngineDebugMaterials/BoneWeightMaterial.uasset" 505
"../../../Engine/Content/EngineDebugMaterials/ClothMaterial.uasset" 506
"../../../Engine/Content/EngineDebugMaterials/ClothMaterial_WF.uasset" 507
"../../../Engine/Content/EngineDebugMaterials/DebugEditorMaterial.uasset" 508
"../../../Engine/Content/EngineDebugMaterials/DebugMeshMaterial.uasset" 509
"../../../Engine/Content/EngineDebugMaterials/GeomMaterial.uasset" 510
"../../../Engine/Content/EngineFonts/Faces/RobotoBold.uasset" 511
"../../../Engine/Content/EngineFonts/Faces/RobotoBoldItalic.uasset" 512
"../../../Engine/Content/EngineFonts/Faces/RobotoItalic.uasset" 513
"../../../Engine/Content/EngineFonts/Faces/RobotoLight.uasset" 514
"../../../Engine/Content/EngineFonts/Faces/RobotoRegular.uasset" 515
"../../../Engine/Content/EngineFonts/Roboto.uasset" 516
"../../../Engine/Content/EngineFonts/Faces/RobotoTiny.uasset" 517
"../../../Engine/Content/EngineFonts/RobotoTiny.uasset" 518
"../../../Engine/Content/EngineMaterials/DefaultBloomKernel.uasset" 519
"../../../Engine/Content/EngineMaterials/DefaultBokeh.uasset" 520
"../../../Engine/Content/EngineMaterials/DefaultDiffuse.uasset" 521
"../../../Engine/Content/EngineMaterials/DefaultDeferredDecalMaterial.uasset" 522
"../../../Engine/Content/EngineMaterials/DefaultLightFunctionMaterial.uasset" 523
"../../../Engine/Content/EngineMaterials/DefaultPhysicalMaterial.uasset" 524
"../../../Engine/Content/Functions/Engine_MaterialFunctions02/Utility/BreakOutFloat2Components.uasset" 525
"../../../Engine/Content/EngineMaterials/DefaultPostProcessMaterial.uasset" 526
"../../../Engine/Content/EngineFonts/RobotoDistanceField.uasset" 527
"../../../Engine/Content/EngineMaterials/DefaultTextMaterialOpaque.uasset" 528
"../../../Engine/Content/EngineMaterials/DefaultWhiteGrid.uasset" 529
"../../../Engine/Content/EngineMaterials/EditorBrushMaterial.uasset" 530
"../../../Engine/Content/EngineMaterials/Good64x64TilingNoiseHighFreq.uasset" 531
"../../../Engine/Content/EngineMaterials/MiniFont.uasset" 532
"../../../Engine/Content/EngineMaterials/InvalidLightmapSettings.uasset" 533
"../../../Engine/Content/EngineMaterials/M_InvalidLightmapSettings.uasset" 534
"../../../Engine/Content/Functions/Engine_MaterialFunctions02/WorldPositionOffset/CameraOffset.uasset" 535
"../../../Engine/Content/EngineMaterials/PhAT_JointLimitMaterial.uasset" 536
"../../../Engine/Content/EngineMaterials/PreintegratedSkinBRDF.uasset" 537
"../../../Engine/Content/EngineMaterials/RemoveSurfaceMaterial.uasset" 538
"../../../Engine/Content/EngineMaterials/WeightMapPlaceholderTexture.uasset" 539
"../../../Engine/Content/EngineResources/WhiteSquareTexture.uasset" 540
"../../../Engine/Content/EngineMaterials/Widget3DPassThrough.uasset" 541
"../../../Engine/Content/EngineMaterials/Widget3DPassThrough_Masked.uasset" 542
"../../../Engine/Content/EngineMaterials/Widget3DPassThrough_Opaque.uasset" 543
"../../../Engine/Content/EngineMaterials/Widget3DPassThrough_Masked_OneSided.uasset" 544
"../../../Engine/Content/EngineMaterials/Widget3DPassThrough_Opaque_OneSided.uasset" 545
"../../../Engine/Content/EngineMaterials/Widget3DPassThrough_Translucent.uasset" 546
"../../../Engine/Content/EngineMaterials/Widget3DPassThrough_Translucent_OneSided.uasset" 547
"../../../Engine/Content/EngineMeshes/Cube.uasset" 548
"../../../Engine/Content/EngineMeshes/Cylinder.uasset" 549
"../../../Engine/Content/EngineMeshes/Sphere.uasset" 550
"../../../Engine/Content/EngineResources/Black.uasset" 551
"../../../Engine/Content/EngineResources/DefaultTexture.uasset" 552
"../../../Engine/Content/EngineResources/DefaultTextureCube.uasset" 553
"../../../Engine/Content/EngineResources/GradientTexture0.uasset" 554
"../../../Engine/Content/EngineSounds/Master.uasset" 555
"../../../Engine/Content/Functions/Engine_MaterialFunctions01/Shading/ConvertFromDiffSpec.uasset" 556
"../../../Engine/Content/Functions/Engine_MaterialFunctions01/Shading/PowerToRoughness.uasset" 557
"../../../Engine/Content/Maps/Templates/Thumbnails/Default.uasset" 558
"../../../Engine/Content/Maps/Templates/Thumbnails/VR-Basic.uasset" 559
"../../../Engine/Content/MobileResources/T_MobileControls_texture.uasset" 560
"../../../Engine/Content/MobileResources/T_MobileMenu2.uasset" 561
"../../../Engine/Content/MobileResources/HUD/AnalogHat.uasset" 562
"../../../Engine/Content/MobileResources/HUD/VirtualJoystick_Background.uasset" 563
"../../../Engine/Content/MobileResources/HUD/VirtualJoystick_Thumb.uasset" 564
"../../../Engine/Content/MobileResources/HUD/DefaultVirtualJoysticks.uasset" 565
"../../../Engine/Content/MobileResources/HUD/LeftVirtualJoystickOnly.uasset" 566
"../../../Engine/Content/MobileResources/HUD/MobileHUDButton1_off.uasset" 567
"../../../Engine/Content/MobileResources/HUD/MobileHUDButton1_on.uasset" 568
"../../../Engine/Content/MobileResources/HUD/MobileHUDButton2_off.uasset" 569
"../../../Engine/Content/MobileResources/HUD/MobileHUDButton2_on.uasset" 570
"../../../Engine/Content/MobileResources/HUD/MobileHUDButton3.uasset" 571
"../../../Engine/Content/MobileResources/HUD/MobileHUDButtonFire.uasset" 572
"../../../Engine/Content/MobileResources/HUD/MobileHUDDirectionPad.uasset" 573
"../../../Engine/Content/MobileResources/HUD/MobileHUDDirectionPad2.uasset" 574
"../../../Engine/Content/MobileResources/HUD/MobileHUDDirectionPad3.uasset" 575
"../../../Engine/Content/MobileResources/HUD/MobileHUDDirectionStick.uasset" 576
"../../../Engine/Content/MobileResources/HUD/T_Castle_ThumbstickInner.uasset" 577
"../../../Engine/Content/MobileResources/HUD/T_Castle_ThumbstickOutter.uasset" 578
"../../../Engine/Content/Tutorial/ContentIntroCurve.uasset" 579
"../../../Engine/Content/Tutorial/Basics/TutorialAssets/icon_tab_Levels_40x.uasset" 580
"../../../Engine/Content/Tutorial/BlueprintTutorials/TutorialAssets/BlueprintInterface_64x.uasset" 581
"../../../Engine/Content/Tutorial/BlueprintTutorials/TutorialAssets/BlueprintMacroLibrary_64x.uasset" 582
"../../../Engine/Content/Tutorial/BlueprintTutorials/TutorialAssets/Blueprint_64x.uasset" 583
"../../../Engine/Content/Tutorial/BlueprintTutorials/TutorialAssets/Tutorial_BP_Interface.uasset" 584
"../../../Engine/Content/Tutorial/Foliage/TutorialAssets/Foliage.uasset" 585
"../../../Engine/Content/Tutorial/Landscape/TutorialAssets/Landscape.uasset" 586
"../../../Engine/Content/Tutorial/Paper2D/TutorialAssets/Paper2DFlipbook_TutorialIcon.uasset" 587
"../../../Engine/Content/Tutorial/Paper2D/TutorialAssets/Paper2DSprite_TutorialIcon.uasset" 588
"../../../Engine/Content/Tutorial/SubEditors/TutorialAssets/icon_Editor_Preferences_General_40x.uasset" 589
"../../../Engine/Content/Tutorial/SubEditors/TutorialAssets/icon_ShowSkeletalMeshes_40x.uasset" 590
"../../../Engine/Content/Tutorial/SubEditors/TutorialAssets/TutorialMaterial.uasset" 591
"../../../Engine/Content/Tutorial/SubEditors/TutorialAssets/T_SmokeSubUV_8X8.uasset" 592
"../../../Engine/Content/Tutorial/SubEditors/TutorialAssets/T_soft_smoke.uasset" 593
"../../../Engine/Content/Tutorial/SubEditors/TutorialAssets/M_smoke_subUV_blackbody.uasset" 594
"../../../Engine/Content/Tutorial/SubEditors/TutorialAssets/TutorialParticleSystem.uasset" 595
"../../../Engine/Content/VREditor/Devices/Generic/GenericHMDMaterial.uasset" 596
"../../../Engine/Content/VREditor/Devices/Generic/GenericHMD.uasset" 597
"../../../Engine/Content/VREditor/FloatingText/LineMaterial.uasset" 598
"../../../Engine/Content/VREditor/FloatingText/JointSphere.uasset" 599
"../../../Engine/Content/VREditor/FloatingText/LineSegmentCylinder.uasset" 600
"../../../Engine/Content/VREditor/Fonts/VRText_RobotoLarge.uasset" 601
"../../../Engine/Content/VREditor/Fonts/VRTextMaterial.uasset" 602
"../../../Engine/Content/VREditor/Fonts/TranslucentVRTextMaterial.uasset" 603
"../../../Engine/Content/VREditor/LaserPointer/CursorPointer.uasset" 604
"../../../Engine/Content/VREditor/LaserPointer/VR_LaserPower_01.uasset" 605
"../../../Engine/Content/VREditor/TransformGizmo/TransformGizmoMaterial.uasset" 606
"../../../Engine/Content/VREditor/LaserPointer/HoverMaterial.uasset" 607
"../../../Engine/Content/VREditor/TransformGizmo/TranslucentTransformGizmoMaterial.uasset" 608
"../../../Engine/Content/VREditor/LaserPointer/TranslucentHoverMaterial.uasset" 609
"../../../Engine/Content/VREditor/LaserPointer/HoverMesh.uasset" 610
"../../../Engine/Content/VREditor/LaserPointer/LaserPointerMaterial.uasset" 611
"../../../Engine/Content/VREditor/LaserPointer/LaserPointerMaterialInst.uasset" 612
"../../../Engine/Content/VREditor/LaserPointer/TranslucentLaserPointerMaterialInst.uasset" 613
"../../../Engine/Content/VREditor/LaserPointer/LaserPointerMesh.uasset" 614
"../../../Engine/Content/VREditor/LaserPointer/LaserPointerMesh_End.uasset" 615
"../../../Engine/Content/VREditor/LaserPointer/LaserPointerMesh_Start.uasset" 616
"../../../Engine/Content/Functions/Engine_MaterialFunctions02/Utility/BreakOutFloat3Components.uasset" 617
"../../../Engine/Content/Functions/Engine_MaterialFunctions02/Math/Transform3x3Matrix.uasset" 618
"../../../Engine/Content/Functions/Engine_MaterialFunctions02/SplitComponents.uasset" 619
"../../../Engine/Content/Functions/Engine_MaterialFunctions02/Utility/MakeFloat3.uasset" 620
"../../../Engine/Content/VREditor/SnapGrid/SnapGridMaterial.uasset" 621
"../../../Engine/Content/VREditor/SnapGrid/SnapGridPlaneMesh.uasset" 622
"../../../Engine/Content/VREditor/Sounds/VR_teleport.uasset" 623
"../../../Engine/Content/VREditor/Sounds/UI/Click_on_Button_Cue.uasset" 624
"../../../Engine/Content/VREditor/Sounds/UI/Dockable_Window_Close.uasset" 625
"../../../Engine/Content/VREditor/Sounds/UI/Dockable_Window_Drop.uasset" 626
"../../../Engine/Content/VREditor/Sounds/UI/Dockable_Window_Open.uasset" 627
"../../../Engine/Content/VREditor/Sounds/UI/Dockable_Window_Pick_Up.uasset" 628
"../../../Engine/Content/VREditor/Sounds/UI/Drop_Item_From_ContentBrowser.uasset" 629
"../../../Engine/Content/VREditor/Sounds/UI/Floating_UI_Open-001.uasset" 630
"../../../Engine/Content/VREditor/Sounds/UI/Gizmo_Handle_Clicked.uasset" 631
"../../../Engine/Content/VREditor/Sounds/UI/Object_PickUp.uasset" 632
"../../../Engine/Content/VREditor/Sounds/UI/Object_Snaps_To_Another_Actor.uasset" 633
"../../../Engine/Content/VREditor/Sounds/UI/Object_Snaps_To_Grid.uasset" 634
"../../../Engine/Content/VREditor/Sounds/UI/Radial_Menu_FadeOut.uasset" 635
"../../../Engine/Content/VREditor/Sounds/UI/Scaling_Down.uasset" 636
"../../../Engine/Content/VREditor/Sounds/UI/Scaling_Up.uasset" 637
"../../../Engine/Content/VREditor/Sounds/UI/Selection_Changes.uasset" 638
"../../../Engine/Content/VREditor/Sounds/UI/Teleport_Mode_Entered.uasset" 639
"../../../Engine/Content/VREditor/Teleport/TeleportDirectionMaterial.uasset" 640
"../../../Engine/Content/VREditor/Teleport/TeleportDirectionMaterial_Inst.uasset" 641
"../../../Engine/Content/VREditor/Teleport/TeleportDirectionMesh.uasset" 642
"../../../Engine/Content/VREditor/TransformGizmo/BoundingBoxCorner.uasset" 643
"../../../Engine/Content/VREditor/TransformGizmo/BoundingBoxEdge.uasset" 644
"../../../Engine/Content/VREditor/TransformGizmo/PlaneTranslationHandle.uasset" 645
"../../../Engine/Content/VREditor/TransformGizmo/RotationHandleFull.uasset" 646
"../../../Engine/Content/VREditor/TransformGizmo/RotationHandleIndicator.uasset" 647
"../../../Engine/Content/VREditor/TransformGizmo/RotationHandleQuarter.uasset" 648
"../../../Engine/Content/VREditor/TransformGizmo/Main.uasset" 649
"../../../Engine/Content/VREditor/TransformGizmo/Xray.uasset" 650
"../../../Engine/Content/VREditor/TransformGizmo/SM_Dialog_Close.uasset" 651
"../../../Engine/Content/VREditor/TransformGizmo/SM_Dialog_Move.uasset" 652
"../../../Engine/Content/VREditor/TransformGizmo/SM_Sequencer_Key.uasset" 653
"../../../Engine/Content/VREditor/TransformGizmo/SM_Sequencer_Node.uasset" 654
"../../../Engine/Content/VREditor/TransformGizmo/StartRotationHandleIndicator.uasset" 655
"../../../Engine/Content/VREditor/TransformGizmo/TranslucentTransformGizmoMaterial_Inst.uasset" 656
"../../../Engine/Content/VREditor/TransformGizmo/TransformGizmoFreeRotation.uasset" 657
"../../../Engine/Content/VREditor/TransformGizmo/TransformGizmoMaterial_Inst.uasset" 658
"../../../Engine/Content/VREditor/TransformGizmo/TranslateArrowHandle.uasset" 659
"../../../Engine/Content/VREditor/TransformGizmo/UniformScaleHandle.uasset" 660
"../../../Engine/Content/VREditor/UI/KeyDiskMaterial.uasset" 661
"../../../Engine/Content/VREditor/UI/DiscMaterial.uasset" 662
"../../../Engine/Content/VREditor/UI/SM_Radial_Disk.uasset" 663
"../../../Engine/Content/VREditor/WorldMovementGrid/SimpleGrid.uasset" 664
"../../../Engine/Content/VREditor/WorldMovementGrid/GridMaterial.uasset" 665
"../../../Engine/Content/Functions/Engine_MaterialFunctions01/Density/ExponentialDensity.uasset" 666
"../../../Engine/Content/VREditor/WorldMovementGrid/GridPostProcess.uasset" 667
"../../../Engine/Content/EditorLandscapeResources/FlattenHeightMat.uasset" 668
"../../../Engine/Content/VREditor/WorldMovementGrid/PlaneMesh.uasset" 669
"../../../Engine/Plugins/2D/Paper2D/Content/PlaceholderTextures/DummySpriteTexture.uasset" 670
"../../../Engine/Plugins/2D/Paper2D/Content/DummySprite.uasset" 671
"../../../Engine/Plugins/2D/Paper2D/Content/DefaultPaperTerrainMaterial.uasset" 672
"../../../Engine/Plugins/2D/Paper2D/Content/MaskedUnlitSpriteMaterial.uasset" 673
"../../../Engine/Plugins/Media/MediaCompositing/Content/DefaultMediaPlaneMaterial.uasset" 674
"../../../Engine/Content/Functions/Engine_MaterialFunctions01/Texturing/ScaleUVsByCenter.uasset" 675
"../../../Engine/Content/Functions/Engine_MaterialFunctions02/Utility/MakeFloat4.uasset" 676
"../../../Engine/Plugins/Runtime/AppleARKit/Content/ARKitCameraMaterial.uasset" 677
"../../../Engine/Plugins/Runtime/Oculus/OculusVR/Content/Textures/GearVRController_AO.uasset" 678
"../../../Engine/Plugins/Runtime/Oculus/OculusVR/Content/Textures/GearVRController_Color.uasset" 679
"../../../Engine/Plugins/Runtime/Oculus/OculusVR/Content/Textures/GearVRController_Normal.uasset" 680
"../../../Engine/Plugins/Runtime/Oculus/OculusVR/Content/Materials/GearVRControllerMaterial.uasset" 681
"../../../Engine/Plugins/Runtime/Oculus/OculusVR/Content/Meshes/GearVrController.uasset" 682
"../../../ArrayUp/Content/2DSideScrollerBP/Blueprints/2DSideScrollerGameMode.uasset" 683
"../../../ArrayUp/Content/2DSideScrollerBP/Blueprints/Pickups/Brick_Pickup.uasset" 684
"../../../ArrayUp/Content/2DSideScrollerBP/Blueprints/Pickups/Diamond_Pickup.uasset" 685
"../../../ArrayUp/Content/2DSideScrollerBP/Maps/2DSideScrollerExampleMap_BuiltData.uasset" 686
"../../../Engine/Plugins/2D/Paper2D/Content/OpaqueUnlitSpriteMaterial.uasset" 687
"../../../ArrayUp/Content/2DSideScroller/Textures/2DBackground.uasset" 688
"../../../ArrayUp/Content/2DSideScroller/Sprites/Background_Sprite.uasset" 689
"../../../ArrayUp/Content/2DSideScroller/Textures/2DBackgroundBlockAtlas.uasset" 690
"../../../ArrayUp/Content/2DSideScroller/Sprites/Ledge.uasset" 691
"../../../ArrayUp/Content/2DSideScroller/Textures/spritesheet_tiles_Sprite_25.uasset" 692
"../../../ArrayUp/Content/2DSideScroller/Textures/spritesheet_tiles_Sprite_33.uasset" 693
"../../../ArrayUp/Content/2DSideScroller/Sprites/Torch.uasset" 694
"../../../ArrayUp/Content/2DSideScroller/Textures/spritesheet_ground_Sprite_0.uasset" 695
"../../../ArrayUp/Content/2DSideScroller/Textures/spritesheet_ground_Sprite_125.uasset" 696
"../../../ArrayUp/Content/2DSideScroller/Textures/spritesheet_ground_Sprite_14.uasset" 697
"../../../ArrayUp/Content/2DSideScroller/Textures/spritesheet_ground_Sprite_16.uasset" 698
"../../../ArrayUp/Content/2DSideScroller/Textures/spritesheet_ground_Sprite_34.uasset" 699
"../../../ArrayUp/Content/2DSideScroller/Textures/spritesheet_ground_Sprite_42.uasset" 700
"../../../ArrayUp/Content/2DSideScroller/Textures/spritesheet_ground_Sprite_50.uasset" 701
"../../../ArrayUp/Content/2DSideScroller/Textures/spritesheet_ground_Sprite_6.uasset" 702
"../../../ArrayUp/Content/2DSideScroller/Textures/spritesheet_ground_Sprite_8.uasset" 703
"../../../ArrayUp/Content/2DSideScroller/Textures/spritesheet_tiles_Sprite_42.uasset" 704
"../../../ArrayUp/Content/2DSideScrollerBP/Maps/2DSideScrollerExampleMap.umap" 705
"../../../ArrayUp/Content/StarterContent/Blueprints/Assets/FogBrightnessLUT.uasset" 706
"../../../ArrayUp/Content/StarterContent/Blueprints/Assets/SunlightColorLUT.uasset" 707
"../../../ArrayUp/Content/StarterContent/Blueprints/Assets/M_LightStage_Arrows.uasset" 708
"../../../Engine/Content/MapTemplates/Sky/DaylightAmbientCubemap.uasset" 709
"../../../ArrayUp/Content/StarterContent/Blueprints/Assets/M_LightStage_Skybox_Master.uasset" 710
"../../../ArrayUp/Content/StarterContent/Blueprints/Assets/M_LightStage_Skybox_Black.uasset" 711
"../../../ArrayUp/Content/StarterContent/Blueprints/Assets/M_LightStage_Skybox_HDRI.uasset" 712
"../../../Engine/Content/EditorMaterials/Thumbnails/SkySphereMaterial.uasset" 713
"../../../ArrayUp/Content/StarterContent/Blueprints/Assets/Skybox.uasset" 714
"../../../ArrayUp/Content/StarterContent/Blueprints/Assets/SM_Arrows.uasset" 715
"../../../ArrayUp/Content/StarterContent/HDRI/HDRI_Epic_Courtyard_Daylight.uasset" 716
"../../../ArrayUp/Content/StarterContent/Blueprints/BP_LightStudio.uasset" 717
"../../../ArrayUp/Content/StarterContent/Maps/Advanced_Lighting_BuiltData.uasset" 718
"../../../ArrayUp/Content/StarterContent/Materials/M_AssetPlatform.uasset" 719
"../../../Engine/Content/EditorMeshes/ColorCalibrator/M_ChromeBall.uasset" 720
"../../../Engine/Content/EditorMeshes/ColorCalibrator/M_ClearCoat.uasset" 721
"../../../Engine/Content/EditorMeshes/ColorCalibrator/M_ClearCoatBlack.uasset" 722
"../../../Engine/Content/EditorMeshes/ColorCalibrator/Color_checker.uasset" 723
"../../../Engine/Content/EditorMeshes/ColorCalibrator/M_ColorGrid.uasset" 724
"../../../Engine/Content/EditorMeshes/ColorCalibrator/M_GreyBall.uasset" 725
"../../../Engine/Content/EditorMeshes/ColorCalibrator/SM_ColorCalibrator.uasset" 726
"../../../ArrayUp/Content/StarterContent/Architecture/SM_AssetPlatform.uasset" 727
"../../../ArrayUp/Content/StarterContent/Maps/Advanced_Lighting.umap" 728
"../../../Engine/Content/EngineSky/C_Sky_Cloud_Color.uasset" 729
"../../../Engine/Content/EngineSky/C_Sky_Horizon_Color.uasset" 730
"../../../Engine/Content/EngineSky/C_Sky_Zenith_Color.uasset" 731
"../../../Engine/Content/EngineSky/T_Sky_Blue.uasset" 732
"../../../Engine/Content/EngineSky/T_Sky_Clouds_M.uasset" 733
"../../../Engine/Content/EngineSky/T_Sky_Stars.uasset" 734
"../../../Engine/Content/EngineSky/M_Sky_Panning_Clouds2.uasset" 735
"../../../Engine/Content/EngineSky/SM_SkySphere.uasset" 736
"../../../Engine/Content/EngineSky/BP_Sky_Sphere.uasset" 737
"../../../ArrayUp/Content/StarterContent/Maps/Minimal_Default_BuiltData.uasset" 738
"../../../ArrayUp/Content/StarterContent/Textures/T_MacroVariation.uasset" 739
"../../../ArrayUp/Content/StarterContent/Materials/M_Metal_Brushed_Nickel.uasset" 740
"../../../ArrayUp/Content/StarterContent/Textures/T_Metal_Aluminum_D.uasset" 741
"../../../ArrayUp/Content/StarterContent/Textures/T_Metal_Gold_N.uasset" 742
"../../../ArrayUp/Content/StarterContent/Materials/M_Metal_Burnished_Steel.uasset" 743
"../../../ArrayUp/Content/StarterContent/Textures/T_Metal_Copper_D.uasset" 744
"../../../ArrayUp/Content/StarterContent/Materials/M_Metal_Copper.uasset" 745
"../../../ArrayUp/Content/StarterContent/Textures/T_Statue_M.uasset" 746
"../../../ArrayUp/Content/StarterContent/Textures/T_Statue_N.uasset" 747
"../../../ArrayUp/Content/StarterContent/Props/Materials/M_StatueGlass.uasset" 748
"../../../ArrayUp/Content/StarterContent/Architecture/Floor_400x400.uasset" 749
"../../../ArrayUp/Content/StarterContent/Audio/Starter_Background_Cue.uasset" 750
"../../../ArrayUp/Content/StarterContent/Props/SM_Chair.uasset" 751
"../../../ArrayUp/Content/StarterContent/Props/Materials/M_Statue.uasset" 752
"../../../ArrayUp/Content/StarterContent/Props/SM_Statue.uasset" 753
"../../../ArrayUp/Content/StarterContent/Textures/T_TableRound_M.uasset" 754
"../../../ArrayUp/Content/StarterContent/Textures/T_TableRound_N.uasset" 755
"../../../ArrayUp/Content/StarterContent/Props/Materials/M_TableRound.uasset" 756
"../../../ArrayUp/Content/StarterContent/Props/SM_TableRound.uasset" 757
"../../../ArrayUp/Content/StarterContent/Maps/Minimal_Default.umap" 758
"../../../ArrayUp/Content/StarterContent/Audio/Fire01_Cue.uasset" 759
"../../../ArrayUp/Content/StarterContent/Textures/T_Fire_SubUV.uasset" 760
"../../../ArrayUp/Content/StarterContent/Textures/T_Fire_Tiled_D.uasset" 761
"../../../ArrayUp/Content/StarterContent/Particles/Materials/M_Fire_SubUV.uasset" 762
"../../../ArrayUp/Content/StarterContent/Textures/T_Water_N.uasset" 763
"../../../ArrayUp/Content/StarterContent/Particles/Materials/M_Heat_Distortion.uasset" 764
"../../../ArrayUp/Content/StarterContent/Particles/Materials/M_Radial_Gradient.uasset" 765
"../../../ArrayUp/Content/StarterContent/Particles/P_Fire.uasset" 766
"../../../ArrayUp/Content/StarterContent/Blueprints/Blueprint_Effect_Fire.uasset" 767
"../../../ArrayUp/Content/StarterContent/Audio/Smoke01_Cue.uasset" 768
"../../../ArrayUp/Content/StarterContent/Particles/P_Smoke.uasset" 769
"../../../ArrayUp/Content/StarterContent/Blueprints/Blueprint_Effect_Smoke.uasset" 770
"../../../ArrayUp/Content/StarterContent/Audio/Fire_Sparks01_Cue.uasset" 771
"../../../ArrayUp/Content/StarterContent/Textures/T_Spark_Core.uasset" 772
"../../../ArrayUp/Content/StarterContent/Particles/Materials/M_Spark.uasset" 773
"../../../ArrayUp/Content/StarterContent/Particles/P_Sparks.uasset" 774
"../../../ArrayUp/Content/StarterContent/Blueprints/Blueprint_Effect_Sparks.uasset" 775
"../../../ArrayUp/Content/StarterContent/Audio/Steam01_Cue.uasset" 776
"../../../ArrayUp/Content/StarterContent/Particles/P_Steam_Lit.uasset" 777
"../../../ArrayUp/Content/StarterContent/Blueprints/Blueprint_Effect_Steam.uasset" 778
"../../../ArrayUp/Content/StarterContent/Textures/T_Lamp_M.uasset" 779
"../../../ArrayUp/Content/StarterContent/Textures/T_Lamp_N.uasset" 780
"../../../ArrayUp/Content/StarterContent/Props/Materials/M_Lamp.uasset" 781
"../../../ArrayUp/Content/StarterContent/Props/SM_Lamp_Ceiling.uasset" 782
"../../../ArrayUp/Content/StarterContent/Blueprints/Blueprint_CeilingLight.uasset" 783
"../../../ArrayUp/Content/StarterContent/Props/SM_Lamp_Wall.uasset" 784
"../../../ArrayUp/Content/StarterContent/Blueprints/Blueprint_WallSconce.uasset" 785
"../../../ArrayUp/Content/StarterContent/Maps/StarterMap_BuiltData.uasset" 786
"../../../Engine/Content/Functions/Engine_MaterialFunctions03/Procedurals/ComputeFilterWidth.uasset" 787
"../../../Engine/Content/EngineMaterials/AntiAliasedTextMaterialTranslucent.uasset" 788
"../../../ArrayUp/Content/StarterContent/Textures/T_Brick_Clay_Beveled_D.uasset" 789
"../../../ArrayUp/Content/StarterContent/Textures/T_Brick_Clay_Beveled_M.uasset" 790
"../../../ArrayUp/Content/StarterContent/Textures/T_Brick_Clay_Beveled_N.uasset" 791
"../../../ArrayUp/Content/StarterContent/Materials/M_Brick_Clay_Beveled.uasset" 792
"../../../ArrayUp/Content/StarterContent/Textures/T_Brick_Clay_New_D.uasset" 793
"../../../ArrayUp/Content/StarterContent/Textures/T_Brick_Clay_New_M.uasset" 794
"../../../ArrayUp/Content/StarterContent/Textures/T_Brick_Clay_New_N.uasset" 795
"../../../ArrayUp/Content/StarterContent/Materials/M_Brick_Clay_New.uasset" 796
"../../../ArrayUp/Content/StarterContent/Textures/T_Brick_Clay_Old_D.uasset" 797
"../../../ArrayUp/Content/StarterContent/Textures/T_Brick_Clay_Old_N.uasset" 798
"../../../ArrayUp/Content/StarterContent/Textures/T_Perlin_Noise_M.uasset" 799
"../../../ArrayUp/Content/StarterContent/Materials/M_Brick_Clay_Old.uasset" 800
"../../../ArrayUp/Content/StarterContent/Textures/T_Brick_Cut_Stone_D.uasset" 801
"../../../ArrayUp/Content/StarterContent/Textures/T_Brick_Cut_Stone_N.uasset" 802
"../../../ArrayUp/Content/StarterContent/Materials/M_Brick_Cut_Stone.uasset" 803
"../../../ArrayUp/Content/StarterContent/Textures/T_Brick_Hewn_Stone_D.uasset" 804
"../../../ArrayUp/Content/StarterContent/Textures/T_Brick_Hewn_Stone_M.uasset" 805
"../../../ArrayUp/Content/StarterContent/Textures/T_Brick_Hewn_Stone_N.uasset" 806
"../../../ArrayUp/Content/StarterContent/Materials/M_Brick_Hewn_Stone.uasset" 807
"../../../ArrayUp/Content/StarterContent/Textures/T_Ceramic_Tile_M.uasset" 808
"../../../ArrayUp/Content/StarterContent/Textures/T_Ceramic_Tile_N.uasset" 809
"../../../ArrayUp/Content/StarterContent/Textures/T_Rock_Marble_Polished_D.uasset" 810
"../../../ArrayUp/Content/StarterContent/Materials/M_Ceramic_Tile_Checker.uasset" 811
"../../../ArrayUp/Content/StarterContent/Textures/T_CobbleStone_Pebble_D.uasset" 812
"../../../ArrayUp/Content/StarterContent/Textures/T_CobbleStone_Pebble_M.uasset" 813
"../../../ArrayUp/Content/StarterContent/Textures/T_CobbleStone_Pebble_N.uasset" 814
"../../../ArrayUp/Content/StarterContent/Materials/M_CobbleStone_Pebble.uasset" 815
"../../../ArrayUp/Content/StarterContent/Textures/T_CobbleStone_Rough_D.uasset" 816
"../../../ArrayUp/Content/StarterContent/Textures/T_CobbleStone_Rough_N.uasset" 817
"../../../ArrayUp/Content/StarterContent/Textures/T_Gradinet_01.uasset" 818
"../../../ArrayUp/Content/StarterContent/Textures/T_Rock_Smooth_Granite_D.uasset" 819
"../../../ArrayUp/Content/StarterContent/Materials/M_CobbleStone_Rough.uasset" 820
"../../../ArrayUp/Content/StarterContent/Textures/T_CobbleStone_Smooth_D.uasset" 821
"../../../ArrayUp/Content/StarterContent/Textures/T_CobbleStone_Smooth_M.uasset" 822
"../../../ArrayUp/Content/StarterContent/Textures/T_CobbleStone_Smooth_N.uasset" 823
"../../../ArrayUp/Content/StarterContent/Materials/M_CobbleStone_Smooth.uasset" 824
"../../../ArrayUp/Content/StarterContent/Textures/T_Concrete_Grime_D.uasset" 825
"../../../ArrayUp/Content/StarterContent/Textures/T_Metal_Rust_N.uasset" 826
"../../../ArrayUp/Content/StarterContent/Materials/M_Concrete_Grime.uasset" 827
"../../../ArrayUp/Content/StarterContent/Textures/T_Concrete_Panels_D.uasset" 828
"../../../ArrayUp/Content/StarterContent/Textures/T_Concrete_Panels_N.uasset" 829
"../../../ArrayUp/Content/StarterContent/Materials/M_Concrete_Panels.uasset" 830
"../../../ArrayUp/Content/StarterContent/Textures/T_Concrete_Poured_D.uasset" 831
"../../../ArrayUp/Content/StarterContent/Textures/T_Concrete_Poured_N.uasset" 832
"../../../ArrayUp/Content/StarterContent/Materials/M_Concrete_Poured.uasset" 833
"../../../ArrayUp/Content/StarterContent/Textures/T_Concrete_Tiles_D.uasset" 834
"../../../ArrayUp/Content/StarterContent/Textures/T_Concrete_Tiles_M.uasset" 835
"../../../ArrayUp/Content/StarterContent/Textures/T_Concrete_Tiles_N.uasset" 836
"../../../ArrayUp/Content/StarterContent/Textures/T_Concrete_Tiles_Variation_M.uasset" 837
"../../../ArrayUp/Content/StarterContent/Materials/M_Concrete_Tiles.uasset" 838
"../../../ArrayUp/Content/StarterContent/Textures/T_Ground_Grass_D.uasset" 839
"../../../ArrayUp/Content/StarterContent/Textures/T_Ground_Grass_N.uasset" 840
"../../../ArrayUp/Content/StarterContent/Materials/M_Ground_Grass.uasset" 841
"../../../ArrayUp/Content/StarterContent/Textures/T_Ground_Gravel_D.uasset" 842
"../../../ArrayUp/Content/StarterContent/Textures/T_Ground_Gravel_N.uasset" 843
"../../../ArrayUp/Content/StarterContent/Materials/M_Ground_Gravel.uasset" 844
"../../../ArrayUp/Content/StarterContent/Textures/T_ground_Moss_D.uasset" 845
"../../../ArrayUp/Content/StarterContent/Textures/T_Ground_Moss_N.uasset" 846
"../../../ArrayUp/Content/StarterContent/Materials/M_Ground_Moss.uasset" 847
"../../../ArrayUp/Content/StarterContent/Materials/M_Metal_Chrome.uasset" 848
"../../../ArrayUp/Content/StarterContent/Textures/T_Metal_Gold_D.uasset" 849
"../../../ArrayUp/Content/StarterContent/Materials/M_Metal_Gold.uasset" 850
"../../../ArrayUp/Content/StarterContent/Textures/T_Metal_Rust_D.uasset" 851
"../../../ArrayUp/Content/StarterContent/Materials/M_Metal_Rust.uasset" 852
"../../../ArrayUp/Content/StarterContent/Textures/T_Metal_Steel_D.uasset" 853
"../../../ArrayUp/Content/StarterContent/Textures/T_Metal_Steel_N.uasset" 854
"../../../ArrayUp/Content/StarterContent/Materials/M_Metal_Steel.uasset" 855
"../../../ArrayUp/Content/StarterContent/Textures/T_Rock_Basalt_N.uasset" 856
"../../../ArrayUp/Content/StarterContent/Materials/M_Rock_Basalt.uasset" 857
"../../../ArrayUp/Content/StarterContent/Materials/M_Rock_Marble_Polished.uasset" 858
"../../../ArrayUp/Content/StarterContent/Textures/T_Rock_Sandstone_D.uasset" 859
"../../../ArrayUp/Content/StarterContent/Textures/T_Rock_Sandstone_N.uasset" 860
"../../../ArrayUp/Content/StarterContent/Materials/M_Rock_Sandstone.uasset" 861
"../../../ArrayUp/Content/StarterContent/Textures/T_Rock_Slate_D.uasset" 862
"../../../ArrayUp/Content/StarterContent/Textures/T_Rock_Slate_N.uasset" 863
"../../../ArrayUp/Content/StarterContent/Materials/M_Rock_Slate.uasset" 864
"../../../ArrayUp/Content/StarterContent/Textures/T_Checker_Noise_M.uasset" 865
"../../../ArrayUp/Content/StarterContent/Textures/T_Single_Tile_N.uasset" 866
"../../../ArrayUp/Content/StarterContent/Textures/T_Tech_Dot_M.uasset" 867
"../../../ArrayUp/Content/StarterContent/Textures/T_Tech_Dot_N.uasset" 868
"../../../ArrayUp/Content/StarterContent/Materials/M_Tech_Checker_Dot.uasset" 869
"../../../ArrayUp/Content/StarterContent/Textures/T_Tech_Hex_Tile_M.uasset" 870
"../../../ArrayUp/Content/StarterContent/Textures/T_Tech_Hex_Tile_N.uasset" 871
"../../../ArrayUp/Content/StarterContent/Materials/M_Tech_Hex_Tile.uasset" 872
"../../../ArrayUp/Content/StarterContent/Materials/M_Tech_Hex_Tile_Pulse.uasset" 873
"../../../ArrayUp/Content/StarterContent/Textures/T_Tech_Panel_M.uasset" 874
"../../../ArrayUp/Content/StarterContent/Textures/T_Tech_Panel_N.uasset" 875
"../../../ArrayUp/Content/StarterContent/Materials/M_Tech_Panel.uasset" 876
"../../../ArrayUp/Content/StarterContent/Materials/M_Water_Lake.uasset" 877
"../../../ArrayUp/Content/StarterContent/Textures/T_Water_M.uasset" 878
"../../../ArrayUp/Content/StarterContent/Materials/M_Water_Ocean.uasset" 879
"../../../ArrayUp/Content/StarterContent/Textures/T_Wood_Floor_Walnut_D.uasset" 880
"../../../ArrayUp/Content/StarterContent/Textures/T_Wood_Floor_Walnut_M.uasset" 881
"../../../ArrayUp/Content/StarterContent/Textures/T_Wood_Floor_Walnut_N.uasset" 882
"../../../ArrayUp/Content/StarterContent/Materials/M_Wood_Floor_Walnut_Polished.uasset" 883
"../../../Engine/Content/Functions/Engine_MaterialFunctions01/Opacity/AlphaOffset.uasset" 884
"../../../ArrayUp/Content/StarterContent/Materials/M_Wood_Floor_Walnut_Worn.uasset" 885
"../../../ArrayUp/Content/StarterContent/Textures/T_Wood_Oak_D.uasset" 886
"../../../ArrayUp/Content/StarterContent/Textures/T_Wood_Oak_N.uasset" 887
"../../../ArrayUp/Content/StarterContent/Materials/M_Wood_Oak.uasset" 888
"../../../ArrayUp/Content/StarterContent/Textures/T_Wood_Pine_D.uasset" 889
"../../../ArrayUp/Content/StarterContent/Textures/T_Wood_Pine_N.uasset" 890
"../../../ArrayUp/Content/StarterContent/Materials/M_Wood_Pine.uasset" 891
"../../../ArrayUp/Content/StarterContent/Textures/T_Wood_Walnut_D.uasset" 892
"../../../ArrayUp/Content/StarterContent/Textures/T_Wood_Walnut_N.uasset" 893
"../../../ArrayUp/Content/StarterContent/Materials/M_Wood_Walnut.uasset" 894
"../../../ArrayUp/Content/StarterContent/Architecture/Wall_400x200.uasset" 895
"../../../ArrayUp/Content/StarterContent/Architecture/Wall_Door_400x300.uasset" 896
"../../../ArrayUp/Content/StarterContent/Architecture/Wall_Window_400x300.uasset" 897
"../../../ArrayUp/Content/StarterContent/Audio/Collapse_Cue.uasset" 898
"../../../ArrayUp/Content/StarterContent/Audio/Starter_Music_Cue.uasset" 899
"../../../ArrayUp/Content/StarterContent/Textures/T_Dust_Particle_D.uasset" 900
"../../../ArrayUp/Content/StarterContent/Particles/Materials/M_Dust_Particle.uasset" 901
"../../../ArrayUp/Content/StarterContent/Particles/P_Ambient_Dust.uasset" 902
"../../../ArrayUp/Content/StarterContent/Props/MaterialSphere.uasset" 903
"../../../ArrayUp/Content/StarterContent/Textures/T_Frame_M.uasset" 904
"../../../ArrayUp/Content/StarterContent/Textures/T_Frame_N.uasset" 905
"../../../ArrayUp/Content/StarterContent/Props/Materials/M_Frame.uasset" 906
"../../../ArrayUp/Content/StarterContent/Props/SM_CornerFrame.uasset" 907
"../../../ArrayUp/Content/StarterContent/Props/SM_DoorFrame.uasset" 908
"../../../ArrayUp/Content/StarterContent/Props/SM_GlassWindow.uasset" 909
"../../../ArrayUp/Content/StarterContent/Props/SM_PillarFrame.uasset" 910
"../../../ArrayUp/Content/StarterContent/Props/SM_PillarFrame300.uasset" 911
"../../../ArrayUp/Content/StarterContent/Props/SM_WindowFrame.uasset" 912
"../../../ArrayUp/Content/StarterContent/Shapes/Shape_Cube.uasset" 913
"../../../ArrayUp/Content/StarterContent/Shapes/Shape_QuadPyramid.uasset" 914
"../../../ArrayUp/Content/StarterContent/Shapes/Shape_Sphere.uasset" 915
"../../../ArrayUp/Content/StarterContent/Maps/StarterMap.umap" 916
"../../../Engine/Content/Maps/Entry.umap" 917
